<?xml version='1.0'?>
<ns2:test-suite xmlns:ns2='urn:model.allure.qatools.yandex.ru' start='1669651747554' stop='1669651774088'>
    <name>Bootcamp E2E: Search bar</name>
    <title>Bootcamp E2E: Search bar</title>
    <test-cases>
        <test-case start='1669651747555' status='passed' stop='1669651747557'>
            <name></name>
            <title></title>
            <labels>
                <label name='language' value='javascript'/>
                <label name='framework' value='wdio'/>
                <label name='thread' value='0-0'/>
            </labels>
            <parameters>
                <parameter kind='argument' name='browser' value='chrome-107.0.5304.107'/>
            </parameters>
            <steps/>
            <attachments/>
        </test-case>
        <test-case start='1669651747557' status='passed' stop='1669651757505'>
            <name>Given home page</name>
            <title>Given home page</title>
            <labels>
                <label name='language' value='javascript'/>
                <label name='framework' value='wdio'/>
                <label name='thread' value='0-0'/>
            </labels>
            <parameters>
                <parameter kind='argument' name='browser' value='chrome-107.0.5304.107'/>
            </parameters>
            <steps>
                <step start='1669651747560' status='passed' stop='1669651757502'>
                    <name>POST /session/:sessionId/url</name>
                    <title>POST /session/:sessionId/url</title>
                    <attachments>
                        <attachment title='Request' source='478590be-bc88-4273-988e-ae666417d020-attachment.json' type='application/json' size='38'/>
                    </attachments>
                    <steps/>
                </step>
            </steps>
            <attachments/>
        </test-case>
        <test-case start='1669651757506' status='passed' stop='1669651762712'>
            <name>Given refresh page</name>
            <title>Given refresh page</title>
            <labels>
                <label name='language' value='javascript'/>
                <label name='framework' value='wdio'/>
                <label name='thread' value='0-0'/>
            </labels>
            <parameters>
                <parameter kind='argument' name='browser' value='chrome-107.0.5304.107'/>
            </parameters>
            <steps>
                <step start='1669651757506' status='passed' stop='1669651762712'>
                    <name>POST /session/:sessionId/refresh</name>
                    <title>POST /session/:sessionId/refresh</title>
                    <attachments/>
                    <steps/>
                </step>
            </steps>
            <attachments/>
        </test-case>
        <test-case start='1669651762713' status='broken' stop='1669651774069'>
            <name>When I entry the word Windows in the search bar and I click the search</name>
            <title>When I entry the word Windows in the search bar and I click the search</title>
            <labels>
                <label name='language' value='javascript'/>
                <label name='framework' value='wdio'/>
                <label name='thread' value='0-0'/>
            </labels>
            <parameters>
                <parameter kind='argument' name='browser' value='chrome-107.0.5304.107'/>
            </parameters>
            <steps>
                <step start='1669651762716' status='passed' stop='1669651763630'>
                    <name>POST /session/:sessionId/element</name>
                    <title>POST /session/:sessionId/element</title>
                    <attachments>
                        <attachment title='Request' source='2ad43310-4ffc-4ad1-b814-ce9be5f697c1-attachment.json' type='application/json' size='112'/>
                        <attachment title='Response' source='a8a8e359-6bc8-4bd2-a351-ff75d1485dc4-attachment.json' type='application/json' size='1079'/>
                    </attachments>
                    <steps/>
                </step>
                <step start='1669651763673' status='passed' stop='1669651764657'>
                    <name>POST /session/:sessionId/elements</name>
                    <title>POST /session/:sessionId/elements</title>
                    <attachments>
                        <attachment title='Request' source='8cae90a8-8e34-458e-ab7e-433cc4888bfc-attachment.json' type='application/json' size='112'/>
                        <attachment title='Response' source='c8b7b47b-87ba-4232-adae-46d295825cfb-attachment.json' type='application/json' size='2'/>
                    </attachments>
                    <steps/>
                </step>
                <step start='1669651764666' status='passed' stop='1669651765122'>
                    <name>POST /session/:sessionId/elements</name>
                    <title>POST /session/:sessionId/elements</title>
                    <attachments>
                        <attachment title='Request' source='09e5968a-d0fc-4db9-b66d-c41864997d46-attachment.json' type='application/json' size='112'/>
                        <attachment title='Response' source='016a29a5-0062-4804-b556-11a82dd62ee1-attachment.json' type='application/json' size='2'/>
                    </attachments>
                    <steps/>
                </step>
                <step start='1669651765126' status='passed' stop='1669651766605'>
                    <name>POST /session/:sessionId/elements</name>
                    <title>POST /session/:sessionId/elements</title>
                    <attachments>
                        <attachment title='Request' source='f6ace700-2ff0-4c93-9eb8-397ae0e0460e-attachment.json' type='application/json' size='112'/>
                        <attachment title='Response' source='50e4c709-25a7-4053-a88d-110b9e8b6823-attachment.json' type='application/json' size='2'/>
                    </attachments>
                    <steps/>
                </step>
                <step start='1669651766613' status='passed' stop='1669651770282'>
                    <name>POST /session/:sessionId/elements</name>
                    <title>POST /session/:sessionId/elements</title>
                    <attachments>
                        <attachment title='Request' source='63f6e007-b79b-45fb-886d-871124a87318-attachment.json' type='application/json' size='112'/>
                        <attachment title='Response' source='56c73579-f6dd-4424-ac3b-9becc4c95c42-attachment.json' type='application/json' size='2'/>
                    </attachments>
                    <steps/>
                </step>
                <step start='1669651770284' status='passed' stop='1669651771115'>
                    <name>POST /session/:sessionId/elements</name>
                    <title>POST /session/:sessionId/elements</title>
                    <attachments>
                        <attachment title='Request' source='57aa6e72-7929-412b-b8eb-d867cb96f734-attachment.json' type='application/json' size='112'/>
                        <attachment title='Response' source='15c77d3f-c6c8-4d65-acd1-71070829aa15-attachment.json' type='application/json' size='2'/>
                    </attachments>
                    <steps/>
                </step>
                <step start='1669651771119' status='broken' stop='1669651774069'>
                    <name>POST /session/:sessionId/elements</name>
                    <title>POST /session/:sessionId/elements</title>
                    <attachments>
                        <attachment title='Request' source='fa1743bb-64ac-44de-a737-1c2853d503b9-attachment.json' type='application/json' size='112'/>
                    </attachments>
                    <steps/>
                </step>
            </steps>
            <attachments/>
            <failure>
                <message>Error: Can't call setValue on element with selector "/html/body/div[17]/header/div[1]/div[2]/div[1]/div/div/div[1]/div[3]/a/span" because element wasn't found</message>
                <stack-trace>Error: Can't call setValue on element with selector "/html/body/div[17]/header/div[1]/div[2]/div[1]/div/div/div[1]/div[3]/a/span" because element wasn't found
                    at implicitWait (E:\Evolution\E2E\node_modules\webdriverio\build\utils\implicitWait.js:34:19)
                    at async Element.elementErrorHandlerCallbackFn (E:\Evolution\E2E\node_modules\webdriverio\build\middlewares.js:20:29)
                    at async Element.wrapCommandFn (E:\Evolution\E2E\node_modules\@wdio\utils\build\shim.js:137:29)
                    at async World.&lt;anonymous> (E:\Evolution\E2E\features\step-definitions\steps.js:22:5)</stack-trace>
            </failure>
        </test-case>
        <test-case start='1669651774069' status='broken' stop='1669651774072'>
            <name>Then I check that at least one item appears</name>
            <title>Then I check that at least one item appears</title>
            <labels>
                <label name='language' value='javascript'/>
                <label name='framework' value='wdio'/>
                <label name='thread' value='0-0'/>
            </labels>
            <parameters>
                <parameter kind='argument' name='browser' value='chrome-107.0.5304.107'/>
            </parameters>
            <steps/>
            <attachments/>
            <failure>
                <message>Step "I check that at least one item appears" is not defined. You can ignore this error by setting cucumberOpts.ignoreUndefinedDefinitions as true.</message>
                <stack-trace>Step "I check that at least one item appears" is not defined. You can ignore this error by setting cucumberOpts.ignoreUndefinedDefinitions as true.
                	at Feature(E:\Evolution\E2E\features\bootcampE2E.feature):1:1
                	at Scenario(Search bar):7:1
                	at Step(I check that at least one item appears):9:1
                </stack-trace>
            </failure>
        </test-case>
        <test-case start='1669651774072' status='passed' stop='1669651774086'>
            <name></name>
            <title></title>
            <labels>
                <label name='language' value='javascript'/>
                <label name='framework' value='wdio'/>
                <label name='thread' value='0-0'/>
            </labels>
            <parameters>
                <parameter kind='argument' name='browser' value='chrome-107.0.5304.107'/>
            </parameters>
            <steps/>
            <attachments/>
        </test-case>
    </test-cases>
</ns2:test-suite>