<?xml version='1.0'?>
<ns2:test-suite xmlns:ns2='urn:model.allure.qatools.yandex.ru' start='1669635282712' stop='1669635303397'>
    <name>Bootcamp E2E: Search bar</name>
    <title>Bootcamp E2E: Search bar</title>
    <test-cases>
        <test-case start='1669635282714' status='passed' stop='1669635282720'>
            <name></name>
            <title></title>
            <labels>
                <label name='language' value='javascript'/>
                <label name='framework' value='wdio'/>
                <label name='thread' value='0-0'/>
            </labels>
            <parameters>
                <parameter kind='argument' name='browser' value='chrome-107.0.5304.107'/>
            </parameters>
            <steps/>
            <attachments/>
        </test-case>
        <test-case start='1669635282721' status='passed' stop='1669635293203'>
            <name>Given home page</name>
            <title>Given home page</title>
            <labels>
                <label name='language' value='javascript'/>
                <label name='framework' value='wdio'/>
                <label name='thread' value='0-0'/>
            </labels>
            <parameters>
                <parameter kind='argument' name='browser' value='chrome-107.0.5304.107'/>
            </parameters>
            <steps>
                <step start='1669635282725' status='passed' stop='1669635293200'>
                    <name>POST /session/:sessionId/url</name>
                    <title>POST /session/:sessionId/url</title>
                    <attachments>
                        <attachment title='Request' source='f2a4673e-c4a5-4f5d-a811-78da9b220bea-attachment.json' type='application/json' size='38'/>
                    </attachments>
                    <steps/>
                </step>
            </steps>
            <attachments/>
        </test-case>
        <test-case start='1669635293203' status='broken' stop='1669635303389'>
            <name>When I entry the word Windows in the search bar and I click the search</name>
            <title>When I entry the word Windows in the search bar and I click the search</title>
            <labels>
                <label name='language' value='javascript'/>
                <label name='framework' value='wdio'/>
                <label name='thread' value='0-0'/>
            </labels>
            <parameters>
                <parameter kind='argument' name='browser' value='chrome-107.0.5304.107'/>
            </parameters>
            <steps>
                <step start='1669635293206' status='passed' stop='1669635293315'>
                    <name>POST /session/:sessionId/element</name>
                    <title>POST /session/:sessionId/element</title>
                    <attachments>
                        <attachment title='Request' source='d4a447d6-f84e-4831-83de-d1c417d31587-attachment.json' type='application/json' size='112'/>
                        <attachment title='Response' source='0cfcde72-aed1-4f49-b297-6073755cc28d-attachment.json' type='application/json' size='1079'/>
                    </attachments>
                    <steps/>
                </step>
                <step start='1669635293330' status='passed' stop='1669635293427'>
                    <name>POST /session/:sessionId/elements</name>
                    <title>POST /session/:sessionId/elements</title>
                    <attachments>
                        <attachment title='Request' source='dad7963a-4e8e-416a-a7a1-fe27d26d19e2-attachment.json' type='application/json' size='112'/>
                        <attachment title='Response' source='c3a4b618-76c4-4cf8-a0d9-d1f9194c9a2f-attachment.json' type='application/json' size='2'/>
                    </attachments>
                    <steps/>
                </step>
                <step start='1669635293840' status='passed' stop='1669635294512'>
                    <name>POST /session/:sessionId/elements</name>
                    <title>POST /session/:sessionId/elements</title>
                    <attachments>
                        <attachment title='Request' source='02c5c388-0c23-4e44-85ba-c9be97c075ac-attachment.json' type='application/json' size='112'/>
                        <attachment title='Response' source='cecd69f7-e0b0-407c-b492-37ddd9c75459-attachment.json' type='application/json' size='2'/>
                    </attachments>
                    <steps/>
                </step>
                <step start='1669635294517' status='passed' stop='1669635294560'>
                    <name>POST /session/:sessionId/elements</name>
                    <title>POST /session/:sessionId/elements</title>
                    <attachments>
                        <attachment title='Request' source='c10b7489-fbdb-4c87-8642-f14035e4c532-attachment.json' type='application/json' size='112'/>
                        <attachment title='Response' source='56402fbd-fd8a-4032-930b-10adb72265e8-attachment.json' type='application/json' size='2'/>
                    </attachments>
                    <steps/>
                </step>
                <step start='1669635294828' status='passed' stop='1669635295116'>
                    <name>POST /session/:sessionId/elements</name>
                    <title>POST /session/:sessionId/elements</title>
                    <attachments>
                        <attachment title='Request' source='e09e9725-5b55-4568-8c68-ebceea0bfe3f-attachment.json' type='application/json' size='112'/>
                        <attachment title='Response' source='9faec0ee-f633-4cbc-a4fe-eaf91b94928c-attachment.json' type='application/json' size='2'/>
                    </attachments>
                    <steps/>
                </step>
                <step start='1669635295338' status='passed' stop='1669635296631'>
                    <name>POST /session/:sessionId/elements</name>
                    <title>POST /session/:sessionId/elements</title>
                    <attachments>
                        <attachment title='Request' source='fe176142-a27c-4a75-b29b-946a4aed951c-attachment.json' type='application/json' size='112'/>
                        <attachment title='Response' source='ac04cb34-74fa-4bc6-a412-52c242806854-attachment.json' type='application/json' size='2'/>
                    </attachments>
                    <steps/>
                </step>
                <step start='1669635296640' status='passed' stop='1669635298418'>
                    <name>POST /session/:sessionId/elements</name>
                    <title>POST /session/:sessionId/elements</title>
                    <attachments>
                        <attachment title='Request' source='8f9e0c70-c1dd-49b3-9d0e-b72229d04067-attachment.json' type='application/json' size='112'/>
                        <attachment title='Response' source='27044eb0-9c77-445a-9640-15efd9aa27f5-attachment.json' type='application/json' size='2'/>
                    </attachments>
                    <steps/>
                </step>
                <step start='1669635298422' status='passed' stop='1669635299103'>
                    <name>POST /session/:sessionId/elements</name>
                    <title>POST /session/:sessionId/elements</title>
                    <attachments>
                        <attachment title='Request' source='9df271d0-e94f-4f32-8a54-e7127bb732b5-attachment.json' type='application/json' size='112'/>
                        <attachment title='Response' source='c8ec38f1-f3b6-4b28-af4a-5ae7c430623f-attachment.json' type='application/json' size='2'/>
                    </attachments>
                    <steps/>
                </step>
                <step start='1669635299105' status='broken' stop='1669635303389'>
                    <name>POST /session/:sessionId/elements</name>
                    <title>POST /session/:sessionId/elements</title>
                    <attachments>
                        <attachment title='Request' source='52f77161-509f-41d6-9c4b-68c7c20432a5-attachment.json' type='application/json' size='112'/>
                    </attachments>
                    <steps/>
                </step>
            </steps>
            <attachments/>
            <failure>
                <message>Error: Can't call setValue on element with selector "/html/body/div[16]/header/div[1]/div[1]/div[1]/div[5]/form/div/div[1]/input" because element wasn't found</message>
                <stack-trace>Error: Can't call setValue on element with selector "/html/body/div[16]/header/div[1]/div[1]/div[1]/div[5]/form/div/div[1]/input" because element wasn't found
                    at implicitWait (E:\Evolution\E2E\node_modules\webdriverio\build\utils\implicitWait.js:34:19)
                    at async Element.elementErrorHandlerCallbackFn (E:\Evolution\E2E\node_modules\webdriverio\build\middlewares.js:20:29)
                    at async Element.wrapCommandFn (E:\Evolution\E2E\node_modules\@wdio\utils\build\shim.js:137:29)
                    at async World.&lt;anonymous> (E:\Evolution\E2E\features\step-definitions\steps.js:22:5)</stack-trace>
            </failure>
        </test-case>
        <test-case start='1669635303390' status='broken' stop='1669635303395'>
            <name>Then I check that at least one item appears</name>
            <title>Then I check that at least one item appears</title>
            <labels>
                <label name='language' value='javascript'/>
                <label name='framework' value='wdio'/>
                <label name='thread' value='0-0'/>
            </labels>
            <parameters>
                <parameter kind='argument' name='browser' value='chrome-107.0.5304.107'/>
            </parameters>
            <steps/>
            <attachments/>
            <failure>
                <message>Step "I check that at least one item appears" is not defined. You can ignore this error by setting cucumberOpts.ignoreUndefinedDefinitions as true.</message>
                <stack-trace>Step "I check that at least one item appears" is not defined. You can ignore this error by setting cucumberOpts.ignoreUndefinedDefinitions as true.
                	at Feature(E:\Evolution\E2E\features\bootcampE2E.feature):1:1
                	at Scenario(Search bar):3:1
                	at Step(I check that at least one item appears):7:1
                </stack-trace>
            </failure>
        </test-case>
        <test-case start='1669635303395' status='passed' stop='1669635303396'>
            <name></name>
            <title></title>
            <labels>
                <label name='language' value='javascript'/>
                <label name='framework' value='wdio'/>
                <label name='thread' value='0-0'/>
            </labels>
            <parameters>
                <parameter kind='argument' name='browser' value='chrome-107.0.5304.107'/>
            </parameters>
            <steps/>
            <attachments/>
        </test-case>
    </test-cases>
</ns2:test-suite>