<?xml version='1.0'?>
<ns2:test-suite xmlns:ns2='urn:model.allure.qatools.yandex.ru' start='1669641678152' stop='1669641702160'>
    <name>Bootcamp E2E: Search bar</name>
    <title>Bootcamp E2E: Search bar</title>
    <test-cases>
        <test-case start='1669641678153' status='passed' stop='1669641678160'>
            <name></name>
            <title></title>
            <labels>
                <label name='language' value='javascript'/>
                <label name='framework' value='wdio'/>
                <label name='thread' value='0-0'/>
            </labels>
            <parameters>
                <parameter kind='argument' name='browser' value='chrome-107.0.5304.107'/>
            </parameters>
            <steps/>
            <attachments/>
        </test-case>
        <test-case start='1669641678160' status='passed' stop='1669641691651'>
            <name>Given home page</name>
            <title>Given home page</title>
            <labels>
                <label name='language' value='javascript'/>
                <label name='framework' value='wdio'/>
                <label name='thread' value='0-0'/>
            </labels>
            <parameters>
                <parameter kind='argument' name='browser' value='chrome-107.0.5304.107'/>
            </parameters>
            <steps>
                <step start='1669641678163' status='passed' stop='1669641691628'>
                    <name>POST /session/:sessionId/url</name>
                    <title>POST /session/:sessionId/url</title>
                    <attachments>
                        <attachment title='Request' source='7f2a653b-3f58-468c-b830-fa5f956cc6a8-attachment.json' type='application/json' size='38'/>
                    </attachments>
                    <steps/>
                </step>
            </steps>
            <attachments/>
        </test-case>
        <test-case start='1669641691652' status='broken' stop='1669641702154'>
            <name>When I entry the word Windows in the search bar and I click the search</name>
            <title>When I entry the word Windows in the search bar and I click the search</title>
            <labels>
                <label name='language' value='javascript'/>
                <label name='framework' value='wdio'/>
                <label name='thread' value='0-0'/>
            </labels>
            <parameters>
                <parameter kind='argument' name='browser' value='chrome-107.0.5304.107'/>
            </parameters>
            <steps>
                <step start='1669641691666' status='passed' stop='1669641692025'>
                    <name>POST /session/:sessionId/element</name>
                    <title>POST /session/:sessionId/element</title>
                    <attachments>
                        <attachment title='Request' source='0b3389ea-fcc5-4a7f-b8a2-f8eca49f305a-attachment.json' type='application/json' size='112'/>
                        <attachment title='Response' source='4ff5029d-adaf-45bc-80a3-1bd852275fb6-attachment.json' type='application/json' size='1079'/>
                    </attachments>
                    <steps/>
                </step>
                <step start='1669641692082' status='passed' stop='1669641694600'>
                    <name>POST /session/:sessionId/elements</name>
                    <title>POST /session/:sessionId/elements</title>
                    <attachments>
                        <attachment title='Request' source='382897ad-42ee-421c-b704-45e8cd92b45a-attachment.json' type='application/json' size='112'/>
                        <attachment title='Response' source='33945040-677a-41ff-a6c9-1561231fdb63-attachment.json' type='application/json' size='2'/>
                    </attachments>
                    <steps/>
                </step>
                <step start='1669641694607' status='passed' stop='1669641695590'>
                    <name>POST /session/:sessionId/elements</name>
                    <title>POST /session/:sessionId/elements</title>
                    <attachments>
                        <attachment title='Request' source='871adfcf-9740-4b11-b048-e231fc7c4a2b-attachment.json' type='application/json' size='112'/>
                        <attachment title='Response' source='aa44b312-c650-428a-aff9-6de0170b367d-attachment.json' type='application/json' size='2'/>
                    </attachments>
                    <steps/>
                </step>
                <step start='1669641695595' status='passed' stop='1669641697759'>
                    <name>POST /session/:sessionId/elements</name>
                    <title>POST /session/:sessionId/elements</title>
                    <attachments>
                        <attachment title='Request' source='458982a0-6992-4407-aa89-24db8cf2a578-attachment.json' type='application/json' size='112'/>
                        <attachment title='Response' source='ff542cbb-38fb-42a4-ba7c-9e893fb29e5b-attachment.json' type='application/json' size='2'/>
                    </attachments>
                    <steps/>
                </step>
                <step start='1669641697763' status='passed' stop='1669641698830'>
                    <name>POST /session/:sessionId/elements</name>
                    <title>POST /session/:sessionId/elements</title>
                    <attachments>
                        <attachment title='Request' source='5fd496a5-96bd-4906-b573-fffb048d84b1-attachment.json' type='application/json' size='112'/>
                        <attachment title='Response' source='c7db1424-4655-4fae-8c83-8c5b60663401-attachment.json' type='application/json' size='2'/>
                    </attachments>
                    <steps/>
                </step>
                <step start='1669641698835' status='passed' stop='1669641699503'>
                    <name>POST /session/:sessionId/elements</name>
                    <title>POST /session/:sessionId/elements</title>
                    <attachments>
                        <attachment title='Request' source='4dad7a7f-70d0-4ea5-b756-d55a06529726-attachment.json' type='application/json' size='112'/>
                        <attachment title='Response' source='7a1dbe2d-78e9-4f5f-adbb-c97a9f5b6fd0-attachment.json' type='application/json' size='2'/>
                    </attachments>
                    <steps/>
                </step>
                <step start='1669641699512' status='passed' stop='1669641700741'>
                    <name>POST /session/:sessionId/elements</name>
                    <title>POST /session/:sessionId/elements</title>
                    <attachments>
                        <attachment title='Request' source='b20fbfb8-4da6-4f1b-ad59-9cae49c43519-attachment.json' type='application/json' size='112'/>
                        <attachment title='Response' source='ff5e8a47-9ccc-4861-a1fa-51030a2f3bf1-attachment.json' type='application/json' size='2'/>
                    </attachments>
                    <steps/>
                </step>
                <step start='1669641700744' status='passed' stop='1669641701346'>
                    <name>POST /session/:sessionId/elements</name>
                    <title>POST /session/:sessionId/elements</title>
                    <attachments>
                        <attachment title='Request' source='74a8875e-6f73-4b42-aa09-123d110ee8aa-attachment.json' type='application/json' size='112'/>
                        <attachment title='Response' source='c41842b8-ab77-42b1-bfca-a66a55505fcc-attachment.json' type='application/json' size='2'/>
                    </attachments>
                    <steps/>
                </step>
                <step start='1669641701361' status='passed' stop='1669641701947'>
                    <name>POST /session/:sessionId/elements</name>
                    <title>POST /session/:sessionId/elements</title>
                    <attachments>
                        <attachment title='Request' source='a413422d-941f-4a36-85b8-fe5ca4f62c93-attachment.json' type='application/json' size='112'/>
                        <attachment title='Response' source='f1e9bedd-2cfb-4929-98d0-697123c91c94-attachment.json' type='application/json' size='2'/>
                    </attachments>
                    <steps/>
                </step>
                <step start='1669641701951' status='broken' stop='1669641702153'>
                    <name>POST /session/:sessionId/elements</name>
                    <title>POST /session/:sessionId/elements</title>
                    <attachments>
                        <attachment title='Request' source='495cb71c-8c80-4edd-b4dd-b5b2f2ca5ab6-attachment.json' type='application/json' size='112'/>
                    </attachments>
                    <steps/>
                </step>
            </steps>
            <attachments/>
            <failure>
                <message>Error: Can't call setValue on element with selector "/html/body/div[16]/header/div[1]/div[1]/div[1]/div[5]/form/div/div[1]/input" because element wasn't found</message>
                <stack-trace>Error: Can't call setValue on element with selector "/html/body/div[16]/header/div[1]/div[1]/div[1]/div[5]/form/div/div[1]/input" because element wasn't found
                    at implicitWait (E:\Evolution\E2E\node_modules\webdriverio\build\utils\implicitWait.js:34:19)
                    at async Element.elementErrorHandlerCallbackFn (E:\Evolution\E2E\node_modules\webdriverio\build\middlewares.js:20:29)
                    at async Element.wrapCommandFn (E:\Evolution\E2E\node_modules\@wdio\utils\build\shim.js:137:29)
                    at async World.&lt;anonymous> (E:\Evolution\E2E\features\step-definitions\steps.js:22:5)</stack-trace>
            </failure>
        </test-case>
        <test-case start='1669641702154' status='broken' stop='1669641702156'>
            <name>Then I check that at least one item appears</name>
            <title>Then I check that at least one item appears</title>
            <labels>
                <label name='language' value='javascript'/>
                <label name='framework' value='wdio'/>
                <label name='thread' value='0-0'/>
            </labels>
            <parameters>
                <parameter kind='argument' name='browser' value='chrome-107.0.5304.107'/>
            </parameters>
            <steps/>
            <attachments/>
            <failure>
                <message>Step "I check that at least one item appears" is not defined. You can ignore this error by setting cucumberOpts.ignoreUndefinedDefinitions as true.</message>
                <stack-trace>Step "I check that at least one item appears" is not defined. You can ignore this error by setting cucumberOpts.ignoreUndefinedDefinitions as true.
                	at Feature(E:\Evolution\E2E\features\bootcampE2E.feature):1:1
                	at Scenario(Search bar):3:1
                	at Step(I check that at least one item appears):7:1
                </stack-trace>
            </failure>
        </test-case>
        <test-case start='1669641702156' status='passed' stop='1669641702158'>
            <name></name>
            <title></title>
            <labels>
                <label name='language' value='javascript'/>
                <label name='framework' value='wdio'/>
                <label name='thread' value='0-0'/>
            </labels>
            <parameters>
                <parameter kind='argument' name='browser' value='chrome-107.0.5304.107'/>
            </parameters>
            <steps/>
            <attachments/>
        </test-case>
    </test-cases>
</ns2:test-suite>