<?xml version='1.0'?>
<ns2:test-suite xmlns:ns2='urn:model.allure.qatools.yandex.ru' start='1669651449396' stop='1669651474123'>
    <name>Bootcamp E2E: Search bar</name>
    <title>Bootcamp E2E: Search bar</title>
    <test-cases>
        <test-case start='1669651449397' status='passed' stop='1669651449400'>
            <name></name>
            <title></title>
            <labels>
                <label name='language' value='javascript'/>
                <label name='framework' value='wdio'/>
                <label name='thread' value='0-0'/>
            </labels>
            <parameters>
                <parameter kind='argument' name='browser' value='chrome-107.0.5304.107'/>
            </parameters>
            <steps/>
            <attachments/>
        </test-case>
        <test-case start='1669651449400' status='passed' stop='1669651459112'>
            <name>Given home page</name>
            <title>Given home page</title>
            <labels>
                <label name='language' value='javascript'/>
                <label name='framework' value='wdio'/>
                <label name='thread' value='0-0'/>
            </labels>
            <parameters>
                <parameter kind='argument' name='browser' value='chrome-107.0.5304.107'/>
            </parameters>
            <steps>
                <step start='1669651449419' status='passed' stop='1669651459109'>
                    <name>POST /session/:sessionId/url</name>
                    <title>POST /session/:sessionId/url</title>
                    <attachments>
                        <attachment title='Request' source='3fe45b23-7ce5-4ebe-a15a-fb91e6e99300-attachment.json' type='application/json' size='38'/>
                    </attachments>
                    <steps/>
                </step>
            </steps>
            <attachments/>
        </test-case>
        <test-case start='1669651459112' status='passed' stop='1669651463657'>
            <name>Given refresh page</name>
            <title>Given refresh page</title>
            <labels>
                <label name='language' value='javascript'/>
                <label name='framework' value='wdio'/>
                <label name='thread' value='0-0'/>
            </labels>
            <parameters>
                <parameter kind='argument' name='browser' value='chrome-107.0.5304.107'/>
            </parameters>
            <steps>
                <step start='1669651459113' status='passed' stop='1669651463656'>
                    <name>POST /session/:sessionId/refresh</name>
                    <title>POST /session/:sessionId/refresh</title>
                    <attachments/>
                    <steps/>
                </step>
            </steps>
            <attachments/>
        </test-case>
        <test-case start='1669651463657' status='broken' stop='1669651474106'>
            <name>When I entry the word Windows in the search bar and I click the search</name>
            <title>When I entry the word Windows in the search bar and I click the search</title>
            <labels>
                <label name='language' value='javascript'/>
                <label name='framework' value='wdio'/>
                <label name='thread' value='0-0'/>
            </labels>
            <parameters>
                <parameter kind='argument' name='browser' value='chrome-107.0.5304.107'/>
            </parameters>
            <steps>
                <step start='1669651463662' status='passed' stop='1669651463976'>
                    <name>POST /session/:sessionId/element</name>
                    <title>POST /session/:sessionId/element</title>
                    <attachments>
                        <attachment title='Request' source='f0b5e498-0f7c-4d87-bf84-a6d2a6c5ffff-attachment.json' type='application/json' size='112'/>
                        <attachment title='Response' source='0bb1f6af-07ff-4597-9f22-da0df34220cb-attachment.json' type='application/json' size='1079'/>
                    </attachments>
                    <steps/>
                </step>
                <step start='1669651464051' status='passed' stop='1669651464750'>
                    <name>POST /session/:sessionId/elements</name>
                    <title>POST /session/:sessionId/elements</title>
                    <attachments>
                        <attachment title='Request' source='4c21d730-8f3b-4880-a66d-5090ba0d5da7-attachment.json' type='application/json' size='112'/>
                        <attachment title='Response' source='df50d9b2-f44f-421f-877b-b80f656f1787-attachment.json' type='application/json' size='2'/>
                    </attachments>
                    <steps/>
                </step>
                <step start='1669651464762' status='passed' stop='1669651466996'>
                    <name>POST /session/:sessionId/elements</name>
                    <title>POST /session/:sessionId/elements</title>
                    <attachments>
                        <attachment title='Request' source='4c86af34-1b50-48e3-819c-d578a19304c2-attachment.json' type='application/json' size='112'/>
                        <attachment title='Response' source='cd1f39c6-30e9-42fb-8dcf-ad2946642c52-attachment.json' type='application/json' size='2'/>
                    </attachments>
                    <steps/>
                </step>
                <step start='1669651467001' status='passed' stop='1669651468328'>
                    <name>POST /session/:sessionId/elements</name>
                    <title>POST /session/:sessionId/elements</title>
                    <attachments>
                        <attachment title='Request' source='871a9c18-2166-472e-b68d-ec0bed8b4240-attachment.json' type='application/json' size='112'/>
                        <attachment title='Response' source='0b42f78e-8b68-44eb-a25e-7ddf64a3ffa5-attachment.json' type='application/json' size='2'/>
                    </attachments>
                    <steps/>
                </step>
                <step start='1669651468331' status='passed' stop='1669651471007'>
                    <name>POST /session/:sessionId/elements</name>
                    <title>POST /session/:sessionId/elements</title>
                    <attachments>
                        <attachment title='Request' source='002bd784-21cd-4ae1-9b09-f3d6cebebe80-attachment.json' type='application/json' size='112'/>
                        <attachment title='Response' source='045c97a6-b3d4-4868-9041-16aa2e2fe3b4-attachment.json' type='application/json' size='2'/>
                    </attachments>
                    <steps/>
                </step>
                <step start='1669651471012' status='passed' stop='1669651473051'>
                    <name>POST /session/:sessionId/elements</name>
                    <title>POST /session/:sessionId/elements</title>
                    <attachments>
                        <attachment title='Request' source='e85d9423-efb0-43f9-9f01-5153b900fa4d-attachment.json' type='application/json' size='112'/>
                        <attachment title='Response' source='ad760a42-d1aa-474d-bbd4-322c890dd01e-attachment.json' type='application/json' size='2'/>
                    </attachments>
                    <steps/>
                </step>
                <step start='1669651473058' status='broken' stop='1669651474105'>
                    <name>POST /session/:sessionId/elements</name>
                    <title>POST /session/:sessionId/elements</title>
                    <attachments>
                        <attachment title='Request' source='96e5b3ab-d229-4365-9fff-33a9387487d7-attachment.json' type='application/json' size='112'/>
                    </attachments>
                    <steps/>
                </step>
            </steps>
            <attachments/>
            <failure>
                <message>Error: Can't call setValue on element with selector "/html/body/div[17]/header/div[1]/div[2]/div[1]/div/div/div[1]/div[3]/a/span" because element wasn't found</message>
                <stack-trace>Error: Can't call setValue on element with selector "/html/body/div[17]/header/div[1]/div[2]/div[1]/div/div/div[1]/div[3]/a/span" because element wasn't found
                    at implicitWait (E:\Evolution\E2E\node_modules\webdriverio\build\utils\implicitWait.js:34:19)
                    at async Element.elementErrorHandlerCallbackFn (E:\Evolution\E2E\node_modules\webdriverio\build\middlewares.js:20:29)
                    at async Element.wrapCommandFn (E:\Evolution\E2E\node_modules\@wdio\utils\build\shim.js:137:29)
                    at async World.&lt;anonymous> (E:\Evolution\E2E\features\step-definitions\steps.js:22:5)</stack-trace>
            </failure>
        </test-case>
        <test-case start='1669651474106' status='broken' stop='1669651474109'>
            <name>Then I check that at least one item appears</name>
            <title>Then I check that at least one item appears</title>
            <labels>
                <label name='language' value='javascript'/>
                <label name='framework' value='wdio'/>
                <label name='thread' value='0-0'/>
            </labels>
            <parameters>
                <parameter kind='argument' name='browser' value='chrome-107.0.5304.107'/>
            </parameters>
            <steps/>
            <attachments/>
            <failure>
                <message>Step "I check that at least one item appears" is not defined. You can ignore this error by setting cucumberOpts.ignoreUndefinedDefinitions as true.</message>
                <stack-trace>Step "I check that at least one item appears" is not defined. You can ignore this error by setting cucumberOpts.ignoreUndefinedDefinitions as true.
                	at Feature(E:\Evolution\E2E\features\bootcampE2E.feature):1:1
                	at Scenario(Search bar):7:1
                	at Step(I check that at least one item appears):9:1
                </stack-trace>
            </failure>
        </test-case>
        <test-case start='1669651474110' status='passed' stop='1669651474115'>
            <name></name>
            <title></title>
            <labels>
                <label name='language' value='javascript'/>
                <label name='framework' value='wdio'/>
                <label name='thread' value='0-0'/>
            </labels>
            <parameters>
                <parameter kind='argument' name='browser' value='chrome-107.0.5304.107'/>
            </parameters>
            <steps/>
            <attachments/>
        </test-case>
    </test-cases>
</ns2:test-suite>