<?xml version='1.0'?>
<ns2:test-suite xmlns:ns2='urn:model.allure.qatools.yandex.ru' start='1669716182924' stop='1669716212739'>
    <name>Bootcamp E2E: Search bar</name>
    <title>Bootcamp E2E: Search bar</title>
    <test-cases>
        <test-case start='1669716182924' status='passed' stop='1669716182926'>
            <name></name>
            <title></title>
            <labels>
                <label name='language' value='javascript'/>
                <label name='framework' value='wdio'/>
                <label name='thread' value='0-0'/>
            </labels>
            <parameters>
                <parameter kind='argument' name='browser' value='chrome-107.0.5304.107'/>
            </parameters>
            <steps/>
            <attachments/>
        </test-case>
        <test-case start='1669716182927' status='passed' stop='1669716197799'>
            <name>Given home page</name>
            <title>Given home page</title>
            <labels>
                <label name='language' value='javascript'/>
                <label name='framework' value='wdio'/>
                <label name='thread' value='0-0'/>
            </labels>
            <parameters>
                <parameter kind='argument' name='browser' value='chrome-107.0.5304.107'/>
            </parameters>
            <steps>
                <step start='1669716182934' status='passed' stop='1669716197773'>
                    <name>POST /session/:sessionId/url</name>
                    <title>POST /session/:sessionId/url</title>
                    <attachments>
                        <attachment title='Request' source='b151c4d3-5db9-4a74-9a9a-a3f8aa77e1f5-attachment.json' type='application/json' size='38'/>
                    </attachments>
                    <steps/>
                </step>
            </steps>
            <attachments/>
        </test-case>
        <test-case start='1669716197800' status='passed' stop='1669716201410'>
            <name>Given refresh page</name>
            <title>Given refresh page</title>
            <labels>
                <label name='language' value='javascript'/>
                <label name='framework' value='wdio'/>
                <label name='thread' value='0-0'/>
            </labels>
            <parameters>
                <parameter kind='argument' name='browser' value='chrome-107.0.5304.107'/>
            </parameters>
            <steps>
                <step start='1669716197807' status='passed' stop='1669716201377'>
                    <name>POST /session/:sessionId/refresh</name>
                    <title>POST /session/:sessionId/refresh</title>
                    <attachments/>
                    <steps/>
                </step>
            </steps>
            <attachments/>
        </test-case>
        <test-case start='1669716201410' status='broken' stop='1669716212734'>
            <name>When I entry the word Windows in the search bar and I click the search</name>
            <title>When I entry the word Windows in the search bar and I click the search</title>
            <labels>
                <label name='language' value='javascript'/>
                <label name='framework' value='wdio'/>
                <label name='thread' value='0-0'/>
            </labels>
            <parameters>
                <parameter kind='argument' name='browser' value='chrome-107.0.5304.107'/>
            </parameters>
            <steps>
                <step start='1669716201436' status='passed' stop='1669716203607'>
                    <name>POST /session/:sessionId/element</name>
                    <title>POST /session/:sessionId/element</title>
                    <attachments>
                        <attachment title='Request' source='2cf41568-06d5-49b7-bb28-2c677bd7d95f-attachment.json' type='application/json' size='73'/>
                        <attachment title='Response' source='ed2eaeb3-73ab-4261-b02a-90ddffa89e59-attachment.json' type='application/json' size='83'/>
                    </attachments>
                    <steps/>
                </step>
                <step start='1669716203685' status='broken' stop='1669716212733'>
                    <name>POST /session/:sessionId/element/17a69c78-a993-44b4-b2ff-aefe67654e3a/click</name>
                    <title>POST /session/:sessionId/element/17a69c78-a993-44b4-b2ff-aefe67654e3a/click</title>
                    <attachments/>
                    <steps/>
                </step>
            </steps>
            <attachments/>
            <failure>
                <message>element click intercepted: element click intercepted: Element &lt;span class="font-s">...&lt;/span> is not clickable at point (286, 89). Other element would receive the click: &lt;div class="header2021-country-confirm">...&lt;/div></message>
                <stack-trace>element click intercepted: element click intercepted: Element &lt;span class="font-s">...&lt;/span> is not clickable at point (286, 89). Other element would receive the click: &lt;div class="header2021-country-confirm">...&lt;/div>
                  (Session info: chrome=107.0.5304.107)
                    at getErrorFromResponseBody (E:\Evolution\E2E\node_modules\webdriver\build\utils.js:198:12)
                    at NodeJSRequest._request (E:\Evolution\E2E\node_modules\webdriver\build\request\index.js:166:60)
                    at process.processTicksAndRejections (node:internal/process/task_queues:95:5)
                    at async Element.wrapCommandFn (E:\Evolution\E2E\node_modules\@wdio\utils\build\shim.js:137:29)
                    at async Element.wrapCommandFn (E:\Evolution\E2E\node_modules\@wdio\utils\build\shim.js:137:29)
                    at async Element.elementErrorHandlerCallbackFn (E:\Evolution\E2E\node_modules\webdriverio\build\middlewares.js:24:32)
                    at async Element.wrapCommandFn (E:\Evolution\E2E\node_modules\@wdio\utils\build\shim.js:137:29)
                    at async Element.wrapCommandFn (E:\Evolution\E2E\node_modules\@wdio\utils\build\shim.js:137:29)
                    at async Element.elementErrorHandlerCallbackFn (E:\Evolution\E2E\node_modules\webdriverio\build\middlewares.js:24:32)
                    at async Element.wrapCommandFn (E:\Evolution\E2E\node_modules\@wdio\utils\build\shim.js:137:29)</stack-trace>
            </failure>
        </test-case>
        <test-case start='1669716212734' status='broken' stop='1669716212736'>
            <name>Then I check that at least one item appears</name>
            <title>Then I check that at least one item appears</title>
            <labels>
                <label name='language' value='javascript'/>
                <label name='framework' value='wdio'/>
                <label name='thread' value='0-0'/>
            </labels>
            <parameters>
                <parameter kind='argument' name='browser' value='chrome-107.0.5304.107'/>
            </parameters>
            <steps/>
            <attachments/>
            <failure>
                <message>Step "I check that at least one item appears" is not defined. You can ignore this error by setting cucumberOpts.ignoreUndefinedDefinitions as true.</message>
                <stack-trace>Step "I check that at least one item appears" is not defined. You can ignore this error by setting cucumberOpts.ignoreUndefinedDefinitions as true.
                	at Feature(E:\Evolution\E2E\features\bootcampE2E.feature):1:1
                	at Scenario(Search bar):6:1
                	at Step(I check that at least one item appears):8:1
                </stack-trace>
            </failure>
        </test-case>
        <test-case start='1669716212736' status='passed' stop='1669716212737'>
            <name></name>
            <title></title>
            <labels>
                <label name='language' value='javascript'/>
                <label name='framework' value='wdio'/>
                <label name='thread' value='0-0'/>
            </labels>
            <parameters>
                <parameter kind='argument' name='browser' value='chrome-107.0.5304.107'/>
            </parameters>
            <steps/>
            <attachments/>
        </test-case>
    </test-cases>
</ns2:test-suite>