<?xml version='1.0'?>
<ns2:test-suite xmlns:ns2='urn:model.allure.qatools.yandex.ru' start='1669651351124' stop='1669651375632'>
    <name>Bootcamp E2E: Search bar</name>
    <title>Bootcamp E2E: Search bar</title>
    <test-cases>
        <test-case start='1669651351125' status='passed' stop='1669651351126'>
            <name></name>
            <title></title>
            <labels>
                <label name='language' value='javascript'/>
                <label name='framework' value='wdio'/>
                <label name='thread' value='0-0'/>
            </labels>
            <parameters>
                <parameter kind='argument' name='browser' value='chrome-107.0.5304.107'/>
            </parameters>
            <steps/>
            <attachments/>
        </test-case>
        <test-case start='1669651351127' status='passed' stop='1669651360826'>
            <name>Given home page</name>
            <title>Given home page</title>
            <labels>
                <label name='language' value='javascript'/>
                <label name='framework' value='wdio'/>
                <label name='thread' value='0-0'/>
            </labels>
            <parameters>
                <parameter kind='argument' name='browser' value='chrome-107.0.5304.107'/>
            </parameters>
            <steps>
                <step start='1669651351131' status='passed' stop='1669651360823'>
                    <name>POST /session/:sessionId/url</name>
                    <title>POST /session/:sessionId/url</title>
                    <attachments>
                        <attachment title='Request' source='232d23b4-d3db-4a05-b3be-a1b6e15d5945-attachment.json' type='application/json' size='38'/>
                    </attachments>
                    <steps/>
                </step>
            </steps>
            <attachments/>
        </test-case>
        <test-case start='1669651360826' status='passed' stop='1669651364824'>
            <name>Given refresh page</name>
            <title>Given refresh page</title>
            <labels>
                <label name='language' value='javascript'/>
                <label name='framework' value='wdio'/>
                <label name='thread' value='0-0'/>
            </labels>
            <parameters>
                <parameter kind='argument' name='browser' value='chrome-107.0.5304.107'/>
            </parameters>
            <steps>
                <step start='1669651360828' status='passed' stop='1669651364824'>
                    <name>POST /session/:sessionId/refresh</name>
                    <title>POST /session/:sessionId/refresh</title>
                    <attachments/>
                    <steps/>
                </step>
            </steps>
            <attachments/>
        </test-case>
        <test-case start='1669651364824' status='broken' stop='1669651375621'>
            <name>When I entry the word Windows in the search bar and I click the search</name>
            <title>When I entry the word Windows in the search bar and I click the search</title>
            <labels>
                <label name='language' value='javascript'/>
                <label name='framework' value='wdio'/>
                <label name='thread' value='0-0'/>
            </labels>
            <parameters>
                <parameter kind='argument' name='browser' value='chrome-107.0.5304.107'/>
            </parameters>
            <steps>
                <step start='1669651364829' status='passed' stop='1669651365496'>
                    <name>POST /session/:sessionId/element</name>
                    <title>POST /session/:sessionId/element</title>
                    <attachments>
                        <attachment title='Request' source='e139679e-2a70-46b4-984a-1e7cfa6fa60a-attachment.json' type='application/json' size='112'/>
                        <attachment title='Response' source='a43530cc-ce3a-426e-963a-1061974ac017-attachment.json' type='application/json' size='1079'/>
                    </attachments>
                    <steps/>
                </step>
                <step start='1669651365595' status='passed' stop='1669651366022'>
                    <name>POST /session/:sessionId/elements</name>
                    <title>POST /session/:sessionId/elements</title>
                    <attachments>
                        <attachment title='Request' source='19151375-6da0-4991-81ba-b58811a88cc5-attachment.json' type='application/json' size='112'/>
                        <attachment title='Response' source='f037109d-0b7a-455f-9fd2-808929fdcba3-attachment.json' type='application/json' size='2'/>
                    </attachments>
                    <steps/>
                </step>
                <step start='1669651366096' status='passed' stop='1669651366230'>
                    <name>POST /session/:sessionId/elements</name>
                    <title>POST /session/:sessionId/elements</title>
                    <attachments>
                        <attachment title='Request' source='66227d24-999a-4fd7-9e87-f689a98f9637-attachment.json' type='application/json' size='112'/>
                        <attachment title='Response' source='6fc1428c-13b1-44cd-be9f-7e2f9f1c4011-attachment.json' type='application/json' size='2'/>
                    </attachments>
                    <steps/>
                </step>
                <step start='1669651366596' status='passed' stop='1669651367194'>
                    <name>POST /session/:sessionId/elements</name>
                    <title>POST /session/:sessionId/elements</title>
                    <attachments>
                        <attachment title='Request' source='963f4a26-8fb2-4e31-8fdc-30b9d509796b-attachment.json' type='application/json' size='112'/>
                        <attachment title='Response' source='1271bac2-0170-4516-818a-663c59f89cdb-attachment.json' type='application/json' size='2'/>
                    </attachments>
                    <steps/>
                </step>
                <step start='1669651367200' status='passed' stop='1669651367624'>
                    <name>POST /session/:sessionId/elements</name>
                    <title>POST /session/:sessionId/elements</title>
                    <attachments>
                        <attachment title='Request' source='ad4e4e14-5a76-4258-ba27-b8ffa2522896-attachment.json' type='application/json' size='112'/>
                        <attachment title='Response' source='80974555-ad21-4f26-8469-81c467e4c3c3-attachment.json' type='application/json' size='2'/>
                    </attachments>
                    <steps/>
                </step>
                <step start='1669651367633' status='passed' stop='1669651368519'>
                    <name>POST /session/:sessionId/elements</name>
                    <title>POST /session/:sessionId/elements</title>
                    <attachments>
                        <attachment title='Request' source='c6ad2989-adef-46ae-9316-8ba15d9d6945-attachment.json' type='application/json' size='112'/>
                        <attachment title='Response' source='70da0e46-fc0f-4477-a9dd-61bca818beba-attachment.json' type='application/json' size='2'/>
                    </attachments>
                    <steps/>
                </step>
                <step start='1669651368523' status='passed' stop='1669651369065'>
                    <name>POST /session/:sessionId/elements</name>
                    <title>POST /session/:sessionId/elements</title>
                    <attachments>
                        <attachment title='Request' source='dccd34f7-a0df-4842-8db6-e186ae96a03c-attachment.json' type='application/json' size='112'/>
                        <attachment title='Response' source='63d8824b-7275-4e04-be29-cdda9b55faab-attachment.json' type='application/json' size='2'/>
                    </attachments>
                    <steps/>
                </step>
                <step start='1669651369068' status='passed' stop='1669651372004'>
                    <name>POST /session/:sessionId/elements</name>
                    <title>POST /session/:sessionId/elements</title>
                    <attachments>
                        <attachment title='Request' source='c53b2594-76f1-4d21-a95f-35b004df2b16-attachment.json' type='application/json' size='112'/>
                        <attachment title='Response' source='457fb132-7209-445a-a0b6-22b77490287d-attachment.json' type='application/json' size='2'/>
                    </attachments>
                    <steps/>
                </step>
                <step start='1669651372009' status='passed' stop='1669651373833'>
                    <name>POST /session/:sessionId/elements</name>
                    <title>POST /session/:sessionId/elements</title>
                    <attachments>
                        <attachment title='Request' source='0f6d5074-a868-47e3-8aa1-577b77d763cb-attachment.json' type='application/json' size='112'/>
                        <attachment title='Response' source='c10683f0-ced6-4f86-92df-ae720f301071-attachment.json' type='application/json' size='2'/>
                    </attachments>
                    <steps/>
                </step>
                <step start='1669651373839' status='passed' stop='1669651374556'>
                    <name>POST /session/:sessionId/elements</name>
                    <title>POST /session/:sessionId/elements</title>
                    <attachments>
                        <attachment title='Request' source='563f7bd1-e52b-479c-a664-5dbb6fdbd0bc-attachment.json' type='application/json' size='112'/>
                        <attachment title='Response' source='503a757d-2149-4ef8-8dfc-def860b8a736-attachment.json' type='application/json' size='2'/>
                    </attachments>
                    <steps/>
                </step>
                <step start='1669651374564' status='passed' stop='1669651375168'>
                    <name>POST /session/:sessionId/elements</name>
                    <title>POST /session/:sessionId/elements</title>
                    <attachments>
                        <attachment title='Request' source='d7f028ee-1a80-4d58-8b60-3b742ebff9c1-attachment.json' type='application/json' size='112'/>
                        <attachment title='Response' source='ae50d628-e694-4664-a3ed-95848569c246-attachment.json' type='application/json' size='2'/>
                    </attachments>
                    <steps/>
                </step>
                <step start='1669651375173' status='passed' stop='1669651375565'>
                    <name>POST /session/:sessionId/elements</name>
                    <title>POST /session/:sessionId/elements</title>
                    <attachments>
                        <attachment title='Request' source='cda66159-13d4-4acf-ac5e-6be7b88971ec-attachment.json' type='application/json' size='112'/>
                        <attachment title='Response' source='d7d5b3da-f392-4429-957c-5d38fbfb40d4-attachment.json' type='application/json' size='2'/>
                    </attachments>
                    <steps/>
                </step>
                <step start='1669651375569' status='broken' stop='1669651375620'>
                    <name>POST /session/:sessionId/elements</name>
                    <title>POST /session/:sessionId/elements</title>
                    <attachments>
                        <attachment title='Request' source='1b59b17b-6523-451d-b4e8-2251cd4e7ee7-attachment.json' type='application/json' size='112'/>
                    </attachments>
                    <steps/>
                </step>
            </steps>
            <attachments/>
            <failure>
                <message>Error: Can't call setValue on element with selector "/html/body/div[17]/header/div[1]/div[2]/div[1]/div/div/div[1]/div[3]/a/span" because element wasn't found</message>
                <stack-trace>Error: Can't call setValue on element with selector "/html/body/div[17]/header/div[1]/div[2]/div[1]/div/div/div[1]/div[3]/a/span" because element wasn't found
                    at implicitWait (E:\Evolution\E2E\node_modules\webdriverio\build\utils\implicitWait.js:34:19)
                    at async Element.elementErrorHandlerCallbackFn (E:\Evolution\E2E\node_modules\webdriverio\build\middlewares.js:20:29)
                    at async Element.wrapCommandFn (E:\Evolution\E2E\node_modules\@wdio\utils\build\shim.js:137:29)
                    at async World.&lt;anonymous> (E:\Evolution\E2E\features\step-definitions\steps.js:22:5)</stack-trace>
            </failure>
        </test-case>
        <test-case start='1669651375621' status='broken' stop='1669651375626'>
            <name>Then I check that at least one item appears</name>
            <title>Then I check that at least one item appears</title>
            <labels>
                <label name='language' value='javascript'/>
                <label name='framework' value='wdio'/>
                <label name='thread' value='0-0'/>
            </labels>
            <parameters>
                <parameter kind='argument' name='browser' value='chrome-107.0.5304.107'/>
            </parameters>
            <steps/>
            <attachments/>
            <failure>
                <message>Step "I check that at least one item appears" is not defined. You can ignore this error by setting cucumberOpts.ignoreUndefinedDefinitions as true.</message>
                <stack-trace>Step "I check that at least one item appears" is not defined. You can ignore this error by setting cucumberOpts.ignoreUndefinedDefinitions as true.
                	at Feature(E:\Evolution\E2E\features\bootcampE2E.feature):1:1
                	at Scenario(Search bar):7:1
                	at Step(I check that at least one item appears):9:1
                </stack-trace>
            </failure>
        </test-case>
        <test-case start='1669651375626' status='passed' stop='1669651375628'>
            <name></name>
            <title></title>
            <labels>
                <label name='language' value='javascript'/>
                <label name='framework' value='wdio'/>
                <label name='thread' value='0-0'/>
            </labels>
            <parameters>
                <parameter kind='argument' name='browser' value='chrome-107.0.5304.107'/>
            </parameters>
            <steps/>
            <attachments/>
        </test-case>
    </test-cases>
</ns2:test-suite>