<?xml version='1.0'?>
<ns2:test-suite xmlns:ns2='urn:model.allure.qatools.yandex.ru' start='1669716390100' stop='1669716410050'>
    <name>Bootcamp E2E: Search bar</name>
    <title>Bootcamp E2E: Search bar</title>
    <test-cases>
        <test-case start='1669716390102' status='passed' stop='1669716390114'>
            <name></name>
            <title></title>
            <labels>
                <label name='language' value='javascript'/>
                <label name='framework' value='wdio'/>
                <label name='thread' value='0-0'/>
            </labels>
            <parameters>
                <parameter kind='argument' name='browser' value='chrome-107.0.5304.107'/>
            </parameters>
            <steps/>
            <attachments/>
        </test-case>
        <test-case start='1669716390114' status='passed' stop='1669716400199'>
            <name>Given home page</name>
            <title>Given home page</title>
            <labels>
                <label name='language' value='javascript'/>
                <label name='framework' value='wdio'/>
                <label name='thread' value='0-0'/>
            </labels>
            <parameters>
                <parameter kind='argument' name='browser' value='chrome-107.0.5304.107'/>
            </parameters>
            <steps>
                <step start='1669716390117' status='passed' stop='1669716400197'>
                    <name>POST /session/:sessionId/url</name>
                    <title>POST /session/:sessionId/url</title>
                    <attachments>
                        <attachment title='Request' source='ee5d664d-1503-4498-aa70-3e8a61e84b2b-attachment.json' type='application/json' size='38'/>
                    </attachments>
                    <steps/>
                </step>
            </steps>
            <attachments/>
        </test-case>
        <test-case start='1669716400199' status='passed' stop='1669716409945'>
            <name>Given refresh page</name>
            <title>Given refresh page</title>
            <labels>
                <label name='language' value='javascript'/>
                <label name='framework' value='wdio'/>
                <label name='thread' value='0-0'/>
            </labels>
            <parameters>
                <parameter kind='argument' name='browser' value='chrome-107.0.5304.107'/>
            </parameters>
            <steps>
                <step start='1669716400200' status='passed' stop='1669716409944'>
                    <name>POST /session/:sessionId/refresh</name>
                    <title>POST /session/:sessionId/refresh</title>
                    <attachments/>
                    <steps/>
                </step>
            </steps>
            <attachments/>
        </test-case>
        <test-case start='1669716409945' status='broken' stop='1669716410046'>
            <name>When I entry the word Windows in the search bar and I click the search</name>
            <title>When I entry the word Windows in the search bar and I click the search</title>
            <labels>
                <label name='language' value='javascript'/>
                <label name='framework' value='wdio'/>
                <label name='thread' value='0-0'/>
            </labels>
            <parameters>
                <parameter kind='argument' name='browser' value='chrome-107.0.5304.107'/>
            </parameters>
            <steps>
                <step start='1669716409958' status='broken' stop='1669716410046'>
                    <name>POST /session/:sessionId/element</name>
                    <title>POST /session/:sessionId/element</title>
                    <attachments>
                        <attachment title='Request' source='49baaac3-473d-41dd-a811-5793fc2cf465-attachment.json' type='application/json' size='73'/>
                    </attachments>
                    <steps/>
                </step>
            </steps>
            <attachments/>
            <failure>
                <message>no such window: no such window: target window already closed</message>
                <stack-trace>no such window: no such window: target window already closed
                from unknown error: web view not found
                  (Session info: chrome=107.0.5304.107)
                    at getErrorFromResponseBody (E:\Evolution\E2E\node_modules\webdriver\build\utils.js:198:12)
                    at NodeJSRequest._request (E:\Evolution\E2E\node_modules\webdriver\build\request\index.js:166:60)
                    at process.processTicksAndRejections (node:internal/process/task_queues:95:5)
                    at async Browser.wrapCommandFn (E:\Evolution\E2E\node_modules\@wdio\utils\build\shim.js:137:29)
                    at async Browser.$ (E:\Evolution\E2E\node_modules\webdriverio\build\commands\browser\$.js:91:17)
                    at async Browser.wrapCommandFn (E:\Evolution\E2E\node_modules\@wdio\utils\build\shim.js:137:29)
                    at async World.&lt;anonymous> (E:\Evolution\E2E\features\step-definitions\steps.js:22:5)</stack-trace>
            </failure>
        </test-case>
        <test-case start='1669716410047' status='broken' stop='1669716410047'>
            <name>Then I check that at least one item appears</name>
            <title>Then I check that at least one item appears</title>
            <labels>
                <label name='language' value='javascript'/>
                <label name='framework' value='wdio'/>
                <label name='thread' value='0-0'/>
            </labels>
            <parameters>
                <parameter kind='argument' name='browser' value='chrome-107.0.5304.107'/>
            </parameters>
            <steps/>
            <attachments/>
            <failure>
                <message>Step "I check that at least one item appears" is not defined. You can ignore this error by setting cucumberOpts.ignoreUndefinedDefinitions as true.</message>
                <stack-trace>Step "I check that at least one item appears" is not defined. You can ignore this error by setting cucumberOpts.ignoreUndefinedDefinitions as true.
                	at Feature(E:\Evolution\E2E\features\bootcampE2E.feature):1:1
                	at Scenario(Search bar):6:1
                	at Step(I check that at least one item appears):8:1
                </stack-trace>
            </failure>
        </test-case>
        <test-case start='1669716410048' status='passed' stop='1669716410049'>
            <name></name>
            <title></title>
            <labels>
                <label name='language' value='javascript'/>
                <label name='framework' value='wdio'/>
                <label name='thread' value='0-0'/>
            </labels>
            <parameters>
                <parameter kind='argument' name='browser' value='chrome-107.0.5304.107'/>
            </parameters>
            <steps/>
            <attachments/>
        </test-case>
    </test-cases>
</ns2:test-suite>